  stdafx.cpp
  HandDetector.cpp
  ImageReader.cpp
  ObjectDetector.cpp
  palmprint_dectection.cpp
  正在生成代码...
HandDetector.obj : error LNK2019: 无法解析的外部符号 "void __cdecl cv::fastFree(void *)" (?fastFree@cv@@YAXPAX@Z)，该符号在函数 "public: __thiscall cv::Mat::~Mat(void)" (??1Mat@cv@@QAE@XZ) 中被引用
ImageReader.obj : error LNK2001: 无法解析的外部符号 "void __cdecl cv::fastFree(void *)" (?fastFree@cv@@YAXPAX@Z)
palmprint_dectection.obj : error LNK2001: 无法解析的外部符号 "void __cdecl cv::fastFree(void *)" (?fastFree@cv@@YAXPAX@Z)
HandDetector.obj : error LNK2019: 无法解析的外部符号 "private: char * __thiscall cv::String::allocate(unsigned int)" (?allocate@String@cv@@AAEPADI@Z)，该符号在函数 "public: __thiscall cv::String::String(char const *)" (??0String@cv@@QAE@PBD@Z) 中被引用
ImageReader.obj : error LNK2001: 无法解析的外部符号 "private: char * __thiscall cv::String::allocate(unsigned int)" (?allocate@String@cv@@AAEPADI@Z)
palmprint_dectection.obj : error LNK2001: 无法解析的外部符号 "private: char * __thiscall cv::String::allocate(unsigned int)" (?allocate@String@cv@@AAEPADI@Z)
HandDetector.obj : error LNK2019: 无法解析的外部符号 "private: void __thiscall cv::String::deallocate(void)" (?deallocate@String@cv@@AAEXXZ)，该符号在函数 "public: __thiscall cv::String::~String(void)" (??1String@cv@@QAE@XZ) 中被引用
ImageReader.obj : error LNK2001: 无法解析的外部符号 "private: void __thiscall cv::String::deallocate(void)" (?deallocate@String@cv@@AAEXXZ)
palmprint_dectection.obj : error LNK2001: 无法解析的外部符号 "private: void __thiscall cv::String::deallocate(void)" (?deallocate@String@cv@@AAEXXZ)
HandDetector.obj : error LNK2019: 无法解析的外部符号 "void __cdecl cv::error(int,class cv::String const &,char const *,char const *,int)" (?error@cv@@YAXHABVString@1@PBD1H@Z)，该符号在函数 "public: __thiscall cv::Mat::Mat(class cv::Mat &&)" (??0Mat@cv@@QAE@$$QAV01@@Z) 中被引用
ImageReader.obj : error LNK2001: 无法解析的外部符号 "void __cdecl cv::error(int,class cv::String const &,char const *,char const *,int)" (?error@cv@@YAXHABVString@1@PBD1H@Z)
palmprint_dectection.obj : error LNK2001: 无法解析的外部符号 "void __cdecl cv::error(int,class cv::String const &,char const *,char const *,int)" (?error@cv@@YAXHABVString@1@PBD1H@Z)
HandDetector.obj : error LNK2019: 无法解析的外部符号 "public: __thiscall cv::Mat::Mat(class cv::Mat const &,class cv::Range const &,class cv::Range const &)" (??0Mat@cv@@QAE@ABV01@ABVRange@1@1@Z)，该符号在函数 "public: class cv::Mat __thiscall cv::Mat::colRange(int,int)const " (?colRange@Mat@cv@@QBE?AV12@HH@Z) 中被引用
HandDetector.obj : error LNK2019: 无法解析的外部符号 "public: void __thiscall cv::Mat::copyTo(class cv::debug_build_guard::_OutputArray const &)const " (?copyTo@Mat@cv@@QBEXABV_OutputArray@debug_build_guard@2@@Z)，该符号在函数 "public: class HandDetector __thiscall HandDetector::detect(void)" (?detect@HandDetector@@QAE?AV1@XZ) 中被引用
HandDetector.obj : error LNK2019: 无法解析的外部符号 "public: void __thiscall cv::Mat::deallocate(void)" (?deallocate@Mat@cv@@QAEXXZ)，该符号在函数 "public: void __thiscall cv::Mat::release(void)" (?release@Mat@cv@@QAEXXZ) 中被引用
ImageReader.obj : error LNK2001: 无法解析的外部符号 "public: void __thiscall cv::Mat::deallocate(void)" (?deallocate@Mat@cv@@QAEXXZ)
palmprint_dectection.obj : error LNK2001: 无法解析的外部符号 "public: void __thiscall cv::Mat::deallocate(void)" (?deallocate@Mat@cv@@QAEXXZ)
HandDetector.obj : error LNK2019: 无法解析的外部符号 "public: void __thiscall cv::Mat::copySize(class cv::Mat const &)" (?copySize@Mat@cv@@QAEXABV12@@Z)，该符号在函数 "public: __thiscall cv::Mat::Mat(class cv::Mat const &)" (??0Mat@cv@@QAE@ABV01@@Z) 中被引用
ImageReader.obj : error LNK2001: 无法解析的外部符号 "public: void __thiscall cv::Mat::copySize(class cv::Mat const &)" (?copySize@Mat@cv@@QAEXABV12@@Z)
palmprint_dectection.obj : error LNK2001: 无法解析的外部符号 "public: void __thiscall cv::Mat::copySize(class cv::Mat const &)" (?copySize@Mat@cv@@QAEXABV12@@Z)
HandDetector.obj : error LNK2019: 无法解析的外部符号 "double __cdecl cv::threshold(class cv::debug_build_guard::_InputArray const &,class cv::debug_build_guard::_OutputArray const &,double,double,int)" (?threshold@cv@@YANABV_InputArray@debug_build_guard@1@ABV_OutputArray@31@NNH@Z)，该符号在函数 "public: class cv::Mat __thiscall HandDetector::getBinaryResult(void)" (?getBinaryResult@HandDetector@@QAE?AVMat@cv@@XZ) 中被引用
palmprint_dectection.obj : error LNK2001: 无法解析的外部符号 "double __cdecl cv::threshold(class cv::debug_build_guard::_InputArray const &,class cv::debug_build_guard::_OutputArray const &,double,double,int)" (?threshold@cv@@YANABV_InputArray@debug_build_guard@1@ABV_OutputArray@31@NNH@Z)
ImageReader.obj : error LNK2019: 无法解析的外部符号 "class cv::Mat __cdecl cv::imread(class cv::String const &,int)" (?imread@cv@@YA?AVMat@1@ABVString@1@H@Z)，该符号在函数 "public: __thiscall ImageReader::ImageReader(class std::basic_string<char,struct std::char_traits<char>,class std::allocator<char> >)" (??0ImageReader@@QAE@V?$basic_string@DU?$char_traits@D@std@@V?$allocator@D@2@@std@@@Z) 中被引用
palmprint_dectection.obj : error LNK2001: 无法解析的外部符号 "class cv::Mat __cdecl cv::imread(class cv::String const &,int)" (?imread@cv@@YA?AVMat@1@ABVString@1@H@Z)
palmprint_dectection.obj : error LNK2019: 无法解析的外部符号 "void __cdecl cv::minMaxLoc(class cv::debug_build_guard::_InputArray const &,double *,double *,class cv::Point_<int> *,class cv::Point_<int> *,class cv::debug_build_guard::_InputArray const &)" (?minMaxLoc@cv@@YAXABV_InputArray@debug_build_guard@1@PAN1PAV?$Point_@H@1@20@Z)，该符号在函数 "void __cdecl matchTemplateFromBinaryImg(class cv::Mat,class cv::Mat)" (?matchTemplateFromBinaryImg@@YAXVMat@cv@@0@Z) 中被引用
palmprint_dectection.obj : error LNK2019: 无法解析的外部符号 "bool __cdecl cv::imwrite(class cv::String const &,class cv::debug_build_guard::_InputArray const &,class std::vector<int,class std::allocator<int> > const &)" (?imwrite@cv@@YA_NABVString@1@ABV_InputArray@debug_build_guard@1@ABV?$vector@HV?$allocator@H@std@@@std@@@Z)，该符号在函数 "void __cdecl matchTemplateFromBinaryImg(class cv::Mat,class cv::Mat)" (?matchTemplateFromBinaryImg@@YAXVMat@cv@@0@Z) 中被引用
palmprint_dectection.obj : error LNK2019: 无法解析的外部符号 "int __cdecl cv::waitKey(int)" (?waitKey@cv@@YAHH@Z)，该符号在函数 "void __cdecl matchTemplateFromBinaryImg(class cv::Mat,class cv::Mat)" (?matchTemplateFromBinaryImg@@YAXVMat@cv@@0@Z) 中被引用
palmprint_dectection.obj : error LNK2019: 无法解析的外部符号 "void __cdecl cv::imshow(class cv::String const &,class cv::debug_build_guard::_InputArray const &)" (?imshow@cv@@YAXABVString@1@ABV_InputArray@debug_build_guard@1@@Z)，该符号在函数 "void __cdecl matchTemplateFromBinaryImg(class cv::Mat,class cv::Mat)" (?matchTemplateFromBinaryImg@@YAXVMat@cv@@0@Z) 中被引用
palmprint_dectection.obj : error LNK2019: 无法解析的外部符号 "void __cdecl cv::cvtColor(class cv::debug_build_guard::_InputArray const &,class cv::debug_build_guard::_OutputArray const &,int,int)" (?cvtColor@cv@@YAXABV_InputArray@debug_build_guard@1@ABV_OutputArray@31@HH@Z)，该符号在函数 "class cv::Mat __cdecl binary(class cv::Mat)" (?binary@@YA?AVMat@cv@@V12@@Z) 中被引用
palmprint_dectection.obj : error LNK2019: 无法解析的外部符号 "void __cdecl cv::matchTemplate(class cv::debug_build_guard::_InputArray const &,class cv::debug_build_guard::_InputArray const &,class cv::debug_build_guard::_OutputArray const &,int,class cv::debug_build_guard::_InputArray const &)" (?matchTemplate@cv@@YAXABV_InputArray@debug_build_guard@1@0ABV_OutputArray@31@H0@Z)，该符号在函数 "void __cdecl matchTemplateFromBinaryImg(class cv::Mat,class cv::Mat)" (?matchTemplateFromBinaryImg@@YAXVMat@cv@@0@Z) 中被引用
palmprint_dectection.obj : error LNK2019: 无法解析的外部符号 "void __cdecl cv::rectangle(class cv::debug_build_guard::_InputOutputArray const &,class cv::Point_<int>,class cv::Point_<int>,class cv::Scalar_<double> const &,int,int,int)" (?rectangle@cv@@YAXABV_InputOutputArray@debug_build_guard@1@V?$Point_@H@1@1ABV?$Scalar_@N@1@HHH@Z)，该符号在函数 "void __cdecl matchTemplateFromBinaryImg(class cv::Mat,class cv::Mat)" (?matchTemplateFromBinaryImg@@YAXVMat@cv@@0@Z) 中被引用
D:\opencv-win\install\x64\vc15\lib\opencv_core400d.lib : warning LNK4272: 库计算机类型“x64”与目标计算机类型“x86”冲突
D:\VSProject\palmprint_dectection\Debug\palmprint_dectection.exe : fatal error LNK1120: 17 个无法解析的外部命令
